<?xml version="1.0" encoding="UTF-8"?>
<testsuite xmlns:xsi="http://www.w3.org/2001/XMLSchema-instance" xsi:noNamespaceSchemaLocation="https://maven.apache.org/surefire/maven-surefire-plugin/xsd/surefire-test-report.xsd" name="game.CoordinatePointsTest" time="0.083" tests="3" errors="0" skipped="0" failures="0">
  <properties>
[...]
</properties>
  <testcase name="creatingNewCoordinatePointsTest" classname="game.CoordinatePointsTest" time="0.006"/>
  <testcase name="checkIfRightColorReturnedForPoints" classname="game.CoordinatePointsTest" time="0.016"/>
  <testcase name="errorWhenCreatingDifferentSizesCoordinatePointsTest" classname="game.CoordinatePointsTest" time="0.001"/>
</testsuite>